<?xml version="1.0" encoding="UTF-8"?>
<!-- Generated by org.testng.reporters.JUnitXMLReporter -->
<testsuite hostname="ADMINRG-5P4SOQB" ignored="0" name="Different TestNG feature test" tests="13" failures="2" timestamp="04 Jan 2018 02:23:24 GMT" time="20.108" errors="0">
  <testcase name="test1" time="0.007" classname="com.test.ExceptionTimeOutTest"/>
  <testcase name="minus" time="0.004" classname="com.test.InvocationCountTest"/>
  <testcase name="minus" time="0.002" classname="com.test.InvocationCountTest"/>
  <testcase name="minus" time="0.002" classname="com.test.InvocationCountTest"/>
  <testcase name="sum" time="0.002" classname="com.test.InvocationCountTest"/>
  <testcase name="sum" time="0.003" classname="com.test.InvocationCountTest"/>
  <testcase name="sum" time="0.001" classname="com.test.InvocationCountTest"/>
  <testcase name="sum" time="0.001" classname="com.test.InvocationCountTest"/>
  <testcase name="sum" time="0.002" classname="com.test.InvocationCountTest"/>
  <testcase name="elementDisplay" time="0.399" classname="com.test.MvnRepoTest"/>
  <testcase name="mvnTitle" time="0.022" classname="com.test.MvnRepoTest">
    <failure type="java.lang.AssertionError" message="Title is not Correct/Matched expected [Maven Repository: Search/Browse/Explore1] but found [Maven Repository: Search/Browse/Explore]">
      <![CDATA[java.lang.AssertionError: Title is not Correct/Matched expected [Maven Repository: Search/Browse/Explore1] but found [Maven Repository: Search/Browse/Explore]at com.test.MvnRepoTest.mvnTitle(MvnRepoTest.java:40)... Removed 30 stack frames]]>
    </failure>
  </testcase> <!-- mvnTitle -->
  <testcase name="googleTitleTest" time="0.009" classname="com.test.TestNgBasics"/>
  <testcase name="loginTest" time="0.004" classname="com.test.TestNgFeatures">
    <failure type="java.lang.ArithmeticException" message="/ by zero">
      <![CDATA[java.lang.ArithmeticException: / by zeroat com.test.TestNgFeatures.loginTest(TestNgFeatures.java:11)... Removed 25 stack frames]]>
    </failure>
  </testcase> <!-- loginTest -->
</testsuite> <!-- Different TestNG feature test -->
