<?xml version="1.0" encoding="UTF-8"?>
<!-- Generated by org.testng.reporters.JUnitXMLReporter -->
<testsuite hostname="ADMINRG-5P4SOQB" ignored="0" name="Yahoo App Test" tests="1" failures="0" timestamp="10 Jan 2018 01:57:32 GMT" time="0.052" errors="0">
  <testcase name="@BeforeMethod setUp" time="0.0" classname="com.parameters.ParameterTest">
    <failure type="org.testng.TestNGException" message="
Can inject only one of &amp;lt;ITestContext, XmlTest, Method, Object[], ITestResult&amp;gt; into a @BeforeMethod annotated setUp.
For more information on native dependency injection please refer to http://testng.org/doc/documentation-main.html#native-dependency-injection">
      <![CDATA[org.testng.TestNGException: Can inject only one of <ITestContext, XmlTest, Method, Object[], ITestResult> into a @BeforeMethod annotated setUp.For more information on native dependency injection please refer to http://testng.org/doc/documentation-main.html#native-dependency-injection... Removed 25 stack frames]]>
    </failure>
  </testcase> <!-- @BeforeMethod setUp -->
  <testcase name="@AfterMethod tearDown" time="0.0" classname="com.parameters.ParameterTest">
    <skipped/>
  </testcase> <!-- @AfterMethod tearDown -->
  <testcase name="yahooLoginTest" time="0.0" classname="com.parameters.ParameterTest">
    <skipped/>
  </testcase> <!-- yahooLoginTest -->
</testsuite> <!-- Yahoo App Test -->
